5>  TheTransformManager.cpp
5>  TheFormView.cpp
1>..\..\src\alloc\thing_alloc.cpp(46): error C2065: 'test_' : undeclared identifier
5>  TheCrosscutTransformManager.cpp
5>  TheBooleanAdaptor.cpp
5>  TheObserverBaseClass.cpp
5>  TheGeneratedPlaneTransformManager.cpp
5>  The3DTransformManagerBase.cpp
5>D:\Projects\stuff\common\src\shared/framework/TheCacheComponent.h(260): fatal error C1083: Cannot open include file: 'shared/framework/InputMa
p.h': No such file or directory
5>  Tracker.exe: Response file C:\Users\gapa\AppData\Local\Temp\e48e8f456e1b4f808ab198c60e8ffb5e.tmp not found.
5>  Tracker.exe: Response file C:\Users\gapa\AppData\Local\Temp\e48e8f456e1b4f808ab198c60e8ffb5e.tmp not found.
5>  TheObliqueMprTransformManager.cpp
5>  TheMprTransformManagerBase.cpp
5>  TheSharedDll.cpp
5>
5>Build FAILED.
5>
5>Time Elapsed 00:02:36.22
6>------ Build started: Project: thing_render, Configuration: Release x64 ------
7>------ Build started: Project: thing_server, Configuration: Release x64 ------
8>------ Build started: Project: ut_framework, Configuration: Release x64 ------
9>------ Build started: Project: thing_web, Configuration: Release x64 ------
10>------ Build started: Project: loading_pipeline, Configuration: Release x64 ------